<?xml version="1.0" encoding="UTF-8"?>
<!-- Generated by org.testng.reporters.JUnitXMLReporter -->
<testsuite ignored="0" hostname="lokesh" failures="0" tests="3" name="HomePageTest" time="11.845" errors="0" timestamp="2024-07-15T18:17:41 IST">
  <testcase classname="com.CRM.TestCases2.HomePageTestCase" name="verifyUrl" time="0.019"/>
  <testcase classname="com.CRM.TestCases2.HomePageTestCase" name="verifyTitle" time="0.02"/>
  <testcase classname="com.CRM.TestCases2.HomePageTestCase" name="validateSignInLink" time="1.748"/>
</testsuite> <!-- HomePageTest -->
