<?xml version="1.0" encoding="UTF-8"?>
<!-- Generated by org.testng.reporters.JUnitXMLReporter -->
<testsuite ignored="0" hostname="lokesh" failures="0" tests="3" name="HomePageTestCase" time="9.367" errors="0" timestamp="2024-07-15T19:52:42 IST">
  <testcase classname="com.CRM.TestCases2.HomePageTestCase" name="verifyUrl" time="0.019"/>
  <testcase classname="com.CRM.TestCases2.HomePageTestCase" name="verifyTitle" time="0.018"/>
  <testcase classname="com.CRM.TestCases2.HomePageTestCase" name="validateSignInLink" time="1.375"/>
</testsuite> <!-- HomePageTestCase -->
