<?xml version="1.0" encoding="UTF-8"?>
<!-- Generated by org.testng.reporters.JUnitXMLReporter -->
<testsuite ignored="0" hostname="lokesh" failures="1" tests="1" name="Test" time="0.217" errors="0" timestamp="2024-07-22T22:32:40 IST">
  <testcase classname="StarAgileDevopsAssignmentQ2.AmazonSeleniumGrid" name="crossBrowserTest" time="0.033">
    <failure type="java.lang.NullPointerException" message="Cannot invoke &amp;quot;org.openqa.selenium.WebDriver.get(String)&amp;quot; because &amp;quot;this.driver&amp;quot; is null">
      <![CDATA[java.lang.NullPointerException: Cannot invoke "org.openqa.selenium.WebDriver.get(String)" because "this.driver" is null
at StarAgileDevopsAssignmentQ2.AmazonSeleniumGrid.crossBrowserTest(AmazonSeleniumGrid.java:44)
at java.base/java.util.ArrayList.forEach(ArrayList.java:1511)
... Removed 27 stack frames]]>
    </failure>
  </testcase> <!-- crossBrowserTest -->
</testsuite> <!-- Test -->
