<?xml version="1.0" encoding="UTF-8"?>
<testng-results ignored="0" total="3" passed="3" failed="0" skipped="0">
  <reporter-output>
  </reporter-output>
  <suite started-at="2024-07-23T09:57:02 IST" name="Suite" finished-at="2024-07-23T09:58:17 IST" duration-ms="75095">
    <groups>
    </groups>
    <test started-at="2024-07-23T09:57:02 IST" name="chromeTest" finished-at="2024-07-23T09:57:20 IST" duration-ms="18467">
      <class name="StarAgileDevopsAssignmentQ2.AmazonSeleniumGrid">
        <test-method signature="crossBrowserTest(java.lang.String)[pri:0, instance:StarAgileDevopsAssignmentQ2.AmazonSeleniumGrid@f6efaab]" started-at="2024-07-23T09:57:02 IST" name="crossBrowserTest" finished-at="2024-07-23T09:57:20 IST" duration-ms="18381" status="PASS">
          <params>
            <param index="0">
              <value>
                <![CDATA[Chrome]]>
              </value>
            </param>
          </params>
          <reporter-output>
          </reporter-output>
        </test-method> <!-- crossBrowserTest -->
      </class> <!-- StarAgileDevopsAssignmentQ2.AmazonSeleniumGrid -->
    </test> <!-- chromeTest -->
    <test started-at="2024-07-23T09:57:20 IST" name="EdgeTest" finished-at="2024-07-23T09:57:44 IST" duration-ms="23823">
      <class name="StarAgileDevopsAssignmentQ2.AmazonSeleniumGrid">
        <test-method signature="crossBrowserTest(java.lang.String)[pri:0, instance:StarAgileDevopsAssignmentQ2.AmazonSeleniumGrid@327514f]" started-at="2024-07-23T09:57:20 IST" name="crossBrowserTest" finished-at="2024-07-23T09:57:44 IST" duration-ms="23812" status="PASS">
          <params>
            <param index="0">
              <value>
                <![CDATA[Edge]]>
              </value>
            </param>
          </params>
          <reporter-output>
          </reporter-output>
        </test-method> <!-- crossBrowserTest -->
      </class> <!-- StarAgileDevopsAssignmentQ2.AmazonSeleniumGrid -->
    </test> <!-- EdgeTest -->
    <test started-at="2024-07-23T09:57:44 IST" name="FirefoxTest" finished-at="2024-07-23T09:58:17 IST" duration-ms="32710">
      <class name="StarAgileDevopsAssignmentQ2.AmazonSeleniumGrid">
        <test-method signature="crossBrowserTest(java.lang.String)[pri:0, instance:StarAgileDevopsAssignmentQ2.AmazonSeleniumGrid@1165b38]" started-at="2024-07-23T09:57:44 IST" name="crossBrowserTest" finished-at="2024-07-23T09:58:17 IST" duration-ms="32700" status="PASS">
          <params>
            <param index="0">
              <value>
                <![CDATA[Firefox]]>
              </value>
            </param>
          </params>
          <reporter-output>
          </reporter-output>
        </test-method> <!-- crossBrowserTest -->
      </class> <!-- StarAgileDevopsAssignmentQ2.AmazonSeleniumGrid -->
    </test> <!-- FirefoxTest -->
  </suite> <!-- Suite -->
</testng-results>
